<?xml version="1.0" encoding="UTF-8"?>
<!-- Generated by org.testng.reporters.JUnitXMLReporter -->
<testsuite ignored="0" hostname="SrikanthS" failures="1" tests="3" name="Error Validation Test" time="23.84" errors="0" timestamp="2024-07-08T14:49:53 BST">
  <testcase classname="Ecommerce.SeleniumFrameworkDesign.tests.ErrorValidationTest" name="loginErrorValidation" time="1.203">
    <skipped/>
  </testcase> <!-- loginErrorValidation -->
  <testcase classname="Ecommerce.SeleniumFrameworkDesign.tests.ErrorValidationTest" name="loginErrorValidation" time="1.182">
    <failure type="java.lang.AssertionError" message="expected [Incorrect email or password.] but found [Incorrect email password.]">
      <![CDATA[java.lang.AssertionError: expected [Incorrect email or password.] but found [Incorrect email password.]
at Ecommerce.SeleniumFrameworkDesign.tests.ErrorValidationTest.loginErrorValidation(ErrorValidationTest.java:26)
at java.base/java.util.ArrayList.forEach(ArrayList.java:1511)
... Removed 33 stack frames]]>
    </failure>
  </testcase> <!-- loginErrorValidation -->
  <testcase classname="Ecommerce.SeleniumFrameworkDesign.tests.ErrorValidationTest" name="productErrorValidation" time="2.987"/>
</testsuite> <!-- Error Validation Test -->
